2025-12-15 22:59:27.473 INFO  m.p.PisicaSpringApplicationTests - Starting PisicaSpringApplicationTests using Java 21.0.8 with PID 98447 (started by bogdandaniel in /Users/bogdandaniel/Documents/proiecte-elevi/daniel-crud-api-pisici)
2025-12-15 22:59:27.474 INFO  m.p.PisicaSpringApplicationTests - The following 1 profile is active: "test"
2025-12-15 22:59:28.830 WARN  org.hibernate.orm.deprecation - HHH90000025: H2Dialect does not need to be specified explicitly using 'hibernate.dialect' (remove the property setting and it will be selected by default)
2025-12-15 22:59:29.855 INFO  m.p.PisicaSpringApplicationTests - Started PisicaSpringApplicationTests in 2.541 seconds (process running for 2.891)
2025-12-15 22:59:41.010 INFO  m.p.PisicaSpringApplicationTests - Starting PisicaSpringApplicationTests using Java 21.0.8 with PID 98673 (started by bogdandaniel in /Users/bogdandaniel/Documents/proiecte-elevi/daniel-crud-api-pisici)
2025-12-15 22:59:41.010 INFO  m.p.PisicaSpringApplicationTests - The following 1 profile is active: "test"
2025-12-15 22:59:42.184 WARN  org.hibernate.orm.deprecation - HHH90000025: H2Dialect does not need to be specified explicitly using 'hibernate.dialect' (remove the property setting and it will be selected by default)
2025-12-15 22:59:43.083 INFO  m.p.PisicaSpringApplicationTests - Started PisicaSpringApplicationTests in 2.236 seconds (process running for 2.556)
2025-12-15 23:00:15.360 INFO  m.p.PisicaSpringApplication - Starting PisicaSpringApplication using Java 21.0.8 with PID 98822 (/Users/bogdandaniel/Documents/proiecte-elevi/daniel-crud-api-pisici/target/classes started by bogdandaniel in /Users/bogdandaniel/Documents/proiecte-elevi/daniel-crud-api-pisici)
2025-12-15 23:00:15.360 INFO  m.p.PisicaSpringApplication - No active profile set, falling back to 1 default profile: "default"
2025-12-15 23:00:17.441 INFO  m.p.PisicaSpringApplication - Started PisicaSpringApplication in 2.255 seconds (process running for 2.454)
2025-12-15 23:00:32.812 INFO  m.p.audit.QueryAuditService - Query endpoint invoked: GET /api/pisici - {page=0, size=10, count=10}
2025-12-15 23:00:33.082 WARN  o.h.e.jdbc.spi.SqlExceptionHelper - SQL Error: 1146, SQLState: 42S02
2025-12-15 23:00:33.082 ERROR o.h.e.jdbc.spi.SqlExceptionHelper - Table 'pisica_db.query_audit_log' doesn't exist
2025-12-15 23:01:01.630 INFO  m.p.audit.QueryAuditService - Query endpoint invoked: GET /api/pisici - {page=1, size=10, count=10}
2025-12-15 23:01:01.635 WARN  o.h.e.jdbc.spi.SqlExceptionHelper - SQL Error: 1146, SQLState: 42S02
2025-12-15 23:01:01.636 ERROR o.h.e.jdbc.spi.SqlExceptionHelper - Table 'pisica_db.query_audit_log' doesn't exist
2025-12-15 23:01:01.935 INFO  m.p.audit.QueryAuditService - Query endpoint invoked: GET /api/pisici - {page=1, size=10, count=10}
2025-12-15 23:01:01.939 WARN  o.h.e.jdbc.spi.SqlExceptionHelper - SQL Error: 1146, SQLState: 42S02
2025-12-15 23:01:01.939 ERROR o.h.e.jdbc.spi.SqlExceptionHelper - Table 'pisica_db.query_audit_log' doesn't exist
2025-12-15 23:01:15.397 INFO  m.p.PisicaSpringApplicationTests - Starting PisicaSpringApplicationTests using Java 21.0.8 with PID 99183 (started by bogdandaniel in /Users/bogdandaniel/Documents/proiecte-elevi/daniel-crud-api-pisici)
2025-12-15 23:01:15.398 INFO  m.p.PisicaSpringApplicationTests - The following 1 profile is active: "test"
2025-12-15 23:01:16.683 WARN  org.hibernate.orm.deprecation - HHH90000025: H2Dialect does not need to be specified explicitly using 'hibernate.dialect' (remove the property setting and it will be selected by default)
2025-12-15 23:01:17.732 INFO  m.p.PisicaSpringApplicationTests - Started PisicaSpringApplicationTests in 2.484 seconds (process running for 2.796)
2025-12-15 23:01:47.888 INFO  m.p.PisicaSpringApplication - Starting PisicaSpringApplication using Java 21.0.8 with PID 99310 (/Users/bogdandaniel/Documents/proiecte-elevi/daniel-crud-api-pisici/target/classes started by bogdandaniel in /Users/bogdandaniel/Documents/proiecte-elevi/daniel-crud-api-pisici)
2025-12-15 23:01:47.888 INFO  m.p.PisicaSpringApplication - No active profile set, falling back to 1 default profile: "default"
2025-12-15 23:01:50.318 INFO  m.p.PisicaSpringApplication - Started PisicaSpringApplication in 2.609 seconds (process running for 2.815)
2025-12-15 23:02:03.577 INFO  m.p.audit.QueryAuditService - Query endpoint invoked: GET /api/pisici - {page=1, size=10, count=10}
2025-12-15 23:03:01.784 INFO  m.p.PisicaSpringApplicationTests - Starting PisicaSpringApplicationTests using Java 21.0.8 with PID 99722 (started by bogdandaniel in /Users/bogdandaniel/Documents/proiecte-elevi/daniel-crud-api-pisici)
2025-12-15 23:03:01.785 INFO  m.p.PisicaSpringApplicationTests - The following 1 profile is active: "test"
2025-12-15 23:03:03.193 WARN  org.hibernate.orm.deprecation - HHH90000025: H2Dialect does not need to be specified explicitly using 'hibernate.dialect' (remove the property setting and it will be selected by default)
2025-12-15 23:03:04.296 INFO  m.p.PisicaSpringApplicationTests - Started PisicaSpringApplicationTests in 2.679 seconds (process running for 3.007)
2025-12-15 23:03:28.899 INFO  m.p.PisicaSpringApplication - Starting PisicaSpringApplication using Java 21.0.8 with PID 99872 (/Users/bogdandaniel/Documents/proiecte-elevi/daniel-crud-api-pisici/target/classes started by bogdandaniel in /Users/bogdandaniel/Documents/proiecte-elevi/daniel-crud-api-pisici)
2025-12-15 23:03:28.900 INFO  m.p.PisicaSpringApplication - No active profile set, falling back to 1 default profile: "default"
2025-12-15 23:03:31.097 INFO  m.p.PisicaSpringApplication - Started PisicaSpringApplication in 2.373 seconds (process running for 2.574)
2025-12-15 23:03:43.878 INFO  m.p.controller.PisicaController - GET /api/pisici requested: page=1, size=10, sort=id: ASC
2025-12-15 23:03:43.954 INFO  m.p.audit.QueryAuditService - Query endpoint invoked: GET /api/pisici - {page=1, size=10, count=10}
2025-12-15 23:03:52.193 INFO  m.p.PisicaSpringApplication - Starting PisicaSpringApplication using Java 21.0.8 with PID 99962 (/Users/bogdandaniel/Documents/proiecte-elevi/daniel-crud-api-pisici/target/classes started by bogdandaniel in /Users/bogdandaniel/Documents/proiecte-elevi/daniel-crud-api-pisici)
2025-12-15 23:03:52.193 INFO  m.p.PisicaSpringApplication - No active profile set, falling back to 1 default profile: "default"
2025-12-15 23:03:54.440 INFO  m.p.PisicaSpringApplication - Started PisicaSpringApplication in 2.428 seconds (process running for 2.637)
2025-12-15 23:03:56.132 INFO  m.p.controller.PisicaController - GET /api/pisici requested: page=1, size=10, sort=id: ASC
2025-12-15 23:03:56.199 INFO  m.p.audit.QueryAuditService - Query endpoint invoked: GET /api/pisici - {count=10, size=10, page=1}
2025-12-16 15:48:01.674 INFO  m.p.PisicaSpringApplication - Starting PisicaSpringApplication using Java 21.0.8 with PID 27001 (/Users/bogdandaniel/Documents/proiecte-elevi/daniel-crud-api-pisici/target/classes started by bogdandaniel in /Users/bogdandaniel/Documents/proiecte-elevi/daniel-crud-api-pisici)
2025-12-16 15:48:01.675 INFO  m.p.PisicaSpringApplication - No active profile set, falling back to 1 default profile: "default"
2025-12-16 15:48:04.295 INFO  m.p.PisicaSpringApplication - Started PisicaSpringApplication in 2.801 seconds (process running for 3.008)
2025-12-16 15:51:16.468 INFO  [] m.p.PisicaSpringApplication - Starting PisicaSpringApplication using Java 21.0.8 with PID 27792 (/Users/bogdandaniel/Documents/proiecte-elevi/daniel-crud-api-pisici/target/classes started by bogdandaniel in /Users/bogdandaniel/Documents/proiecte-elevi/daniel-crud-api-pisici)
2025-12-16 15:51:16.468 INFO  [] m.p.PisicaSpringApplication - No active profile set, falling back to 1 default profile: "default"
2025-12-16 15:51:18.867 INFO  [] m.p.PisicaSpringApplication - Started PisicaSpringApplication in 2.576 seconds (process running for 2.791)
2025-12-16 15:52:17.494 INFO  [] m.p.PisicaSpringApplication - Starting PisicaSpringApplication using Java 21.0.8 with PID 28023 (/Users/bogdandaniel/Documents/proiecte-elevi/daniel-crud-api-pisici/target/classes started by bogdandaniel in /Users/bogdandaniel/Documents/proiecte-elevi/daniel-crud-api-pisici)
2025-12-16 15:52:17.495 INFO  [] m.p.PisicaSpringApplication - No active profile set, falling back to 1 default profile: "default"
2025-12-16 15:52:19.669 INFO  [] m.p.PisicaSpringApplication - Started PisicaSpringApplication in 2.358 seconds (process running for 2.565)
2025-12-16 15:52:56.719 INFO  [] m.p.PisicaSpringApplication - Starting PisicaSpringApplication using Java 21.0.8 with PID 28175 (/Users/bogdandaniel/Documents/proiecte-elevi/daniel-crud-api-pisici/target/classes started by bogdandaniel in /Users/bogdandaniel/Documents/proiecte-elevi/daniel-crud-api-pisici)
2025-12-16 15:52:56.719 INFO  [] m.p.PisicaSpringApplication - No active profile set, falling back to 1 default profile: "default"
2025-12-16 15:52:58.885 INFO  [] m.p.PisicaSpringApplication - Started PisicaSpringApplication in 2.347 seconds (process running for 2.556)
2025-12-16 15:54:21.836 INFO  [dcdad2fe-d0ba-4af7-ad50-0a1aefbe97cf] m.p.logging.RequestLoggingFilter - Incoming GET /swagger-ui from 0:0:0:0:0:0:0:1
2025-12-16 15:54:21.910 INFO  [dcdad2fe-d0ba-4af7-ad50-0a1aefbe97cf] m.p.logging.RequestLoggingFilter - Completed GET /swagger-ui with status 500 in 74 ms
2025-12-16 15:55:29.236 INFO  [f241684b-e3b2-406c-8e4d-fa6a8f8a0d38] m.p.logging.RequestLoggingFilter - Incoming GET /swagger-ui from 0:0:0:0:0:0:0:1
2025-12-16 15:55:29.243 INFO  [f241684b-e3b2-406c-8e4d-fa6a8f8a0d38] m.p.logging.RequestLoggingFilter - Completed GET /swagger-ui with status 500 in 7 ms
2025-12-16 15:55:33.155 INFO  [] m.p.PisicaSpringApplication - Starting PisicaSpringApplication using Java 21.0.8 with PID 28845 (/Users/bogdandaniel/Documents/proiecte-elevi/daniel-crud-api-pisici/target/classes started by bogdandaniel in /Users/bogdandaniel/Documents/proiecte-elevi/daniel-crud-api-pisici)
2025-12-16 15:55:33.156 INFO  [] m.p.PisicaSpringApplication - No active profile set, falling back to 1 default profile: "default"
2025-12-16 15:55:35.359 INFO  [] m.p.PisicaSpringApplication - Started PisicaSpringApplication in 2.389 seconds (process running for 2.594)
2025-12-16 15:55:35.417 INFO  [086dbacb-d2bd-4d8b-ba89-cb5a8cb222a0] m.p.logging.RequestLoggingFilter - Incoming GET /swagger-ui from 0:0:0:0:0:0:0:1
2025-12-16 15:55:35.443 INFO  [086dbacb-d2bd-4d8b-ba89-cb5a8cb222a0] m.p.logging.RequestLoggingFilter - Completed GET /swagger-ui with status 500 in 26 ms
2025-12-16 15:55:36.471 INFO  [9caa59f3-08d3-4087-8275-b1ac070df9d6] m.p.logging.RequestLoggingFilter - Incoming GET /swagger-ui from 0:0:0:0:0:0:0:1
2025-12-16 15:55:36.477 INFO  [9caa59f3-08d3-4087-8275-b1ac070df9d6] m.p.logging.RequestLoggingFilter - Completed GET /swagger-ui with status 500 in 6 ms
2025-12-16 15:55:37.172 INFO  [d84c8ff2-191c-4b51-9f98-5d7f2798b84a] m.p.logging.RequestLoggingFilter - Incoming GET /swagger-ui from 0:0:0:0:0:0:0:1
2025-12-16 15:55:37.176 INFO  [d84c8ff2-191c-4b51-9f98-5d7f2798b84a] m.p.logging.RequestLoggingFilter - Completed GET /swagger-ui with status 500 in 4 ms
2025-12-16 15:56:05.434 INFO  [17c4eb52-e9f8-49b3-9add-8497a7252721] m.p.logging.RequestLoggingFilter - Incoming GET /swagger-ui from 0:0:0:0:0:0:0:1
2025-12-16 15:56:05.441 INFO  [17c4eb52-e9f8-49b3-9add-8497a7252721] m.p.logging.RequestLoggingFilter - Completed GET /swagger-ui with status 500 in 7 ms
2025-12-16 15:56:05.983 INFO  [4379f371-7ea8-43d1-8126-dac29ea4fc77] m.p.logging.RequestLoggingFilter - Incoming GET /swagger-ui from 0:0:0:0:0:0:0:1
2025-12-16 15:56:05.988 INFO  [4379f371-7ea8-43d1-8126-dac29ea4fc77] m.p.logging.RequestLoggingFilter - Completed GET /swagger-ui with status 500 in 4 ms
2025-12-16 15:56:48.544 INFO  [] m.p.PisicaSpringApplication - Starting PisicaSpringApplication using Java 21.0.8 with PID 29184 (/Users/bogdandaniel/Documents/proiecte-elevi/daniel-crud-api-pisici/target/classes started by bogdandaniel in /Users/bogdandaniel/Documents/proiecte-elevi/daniel-crud-api-pisici)
2025-12-16 15:56:48.544 INFO  [] m.p.PisicaSpringApplication - No active profile set, falling back to 1 default profile: "default"
2025-12-16 15:56:50.775 INFO  [] m.p.PisicaSpringApplication - Started PisicaSpringApplication in 2.414 seconds (process running for 2.621)
2025-12-16 15:56:51.669 INFO  [f71b0e9f-502b-4269-9af7-198b27fb0ea4] m.p.logging.RequestLoggingFilter - Incoming GET /swagger-ui from 0:0:0:0:0:0:0:1
2025-12-16 15:56:51.685 INFO  [f71b0e9f-502b-4269-9af7-198b27fb0ea4] m.p.logging.RequestLoggingFilter - Completed GET /swagger-ui with status 302 in 16 ms
2025-12-16 15:56:51.691 INFO  [2f1ceee1-3183-4f36-88e9-c1c8e3c88ee9] m.p.logging.RequestLoggingFilter - Incoming GET /swagger-ui.html from 0:0:0:0:0:0:0:1
2025-12-16 15:56:51.708 INFO  [2f1ceee1-3183-4f36-88e9-c1c8e3c88ee9] m.p.logging.RequestLoggingFilter - Completed GET /swagger-ui.html with status 302 in 17 ms
2025-12-16 15:56:51.714 INFO  [b3ed8a4b-f410-480c-b1ef-5c03386c63cd] m.p.logging.RequestLoggingFilter - Incoming GET /swagger-ui/index.html from 0:0:0:0:0:0:0:1
2025-12-16 15:56:51.717 INFO  [b3ed8a4b-f410-480c-b1ef-5c03386c63cd] m.p.logging.RequestLoggingFilter - Completed GET /swagger-ui/index.html with status 304 in 3 ms
2025-12-16 15:56:51.731 INFO  [0ca4078c-b848-4b05-9242-82776a45c33e] m.p.logging.RequestLoggingFilter - Incoming GET /swagger-ui/swagger-initializer.js from 0:0:0:0:0:0:0:1
2025-12-16 15:56:51.745 INFO  [0ca4078c-b848-4b05-9242-82776a45c33e] m.p.logging.RequestLoggingFilter - Completed GET /swagger-ui/swagger-initializer.js with status 200 in 14 ms
2025-12-16 15:56:51.771 INFO  [7f930cd2-45bc-44d1-a524-8f9c1c44301d] m.p.logging.RequestLoggingFilter - Incoming GET /v3/api-docs/swagger-config from 0:0:0:0:0:0:0:1
2025-12-16 15:56:51.787 INFO  [7f930cd2-45bc-44d1-a524-8f9c1c44301d] m.p.logging.RequestLoggingFilter - Completed GET /v3/api-docs/swagger-config with status 200 in 16 ms
2025-12-16 15:56:51.795 INFO  [cd4cff84-802a-4f77-a4db-9b75f552dc06] m.p.logging.RequestLoggingFilter - Incoming GET /v3/api-docs/pisici from 0:0:0:0:0:0:0:1
2025-12-16 15:56:51.950 INFO  [cd4cff84-802a-4f77-a4db-9b75f552dc06] m.p.logging.RequestLoggingFilter - Completed GET /v3/api-docs/pisici with status 200 in 155 ms
2025-12-16 15:56:52.938 INFO  [3578500f-8220-419d-a390-5a41315446e7] m.p.logging.RequestLoggingFilter - Incoming GET /swagger-ui/index.html from 0:0:0:0:0:0:0:1
2025-12-16 15:56:52.942 INFO  [3578500f-8220-419d-a390-5a41315446e7] m.p.logging.RequestLoggingFilter - Completed GET /swagger-ui/index.html with status 304 in 4 ms
2025-12-16 15:56:52.956 INFO  [81038171-c327-4d71-a61e-e2b575884ce9] m.p.logging.RequestLoggingFilter - Incoming GET /swagger-ui/swagger-initializer.js from 0:0:0:0:0:0:0:1
2025-12-16 15:56:52.961 INFO  [81038171-c327-4d71-a61e-e2b575884ce9] m.p.logging.RequestLoggingFilter - Completed GET /swagger-ui/swagger-initializer.js with status 200 in 5 ms
2025-12-16 15:56:52.981 INFO  [c6886060-b827-463d-9bf4-70582acfb332] m.p.logging.RequestLoggingFilter - Incoming GET /v3/api-docs/swagger-config from 0:0:0:0:0:0:0:1
2025-12-16 15:56:52.983 INFO  [c6886060-b827-463d-9bf4-70582acfb332] m.p.logging.RequestLoggingFilter - Completed GET /v3/api-docs/swagger-config with status 200 in 2 ms
2025-12-16 15:56:52.991 INFO  [20911594-d02b-48ee-82f6-12d43ccadcb0] m.p.logging.RequestLoggingFilter - Incoming GET /v3/api-docs/pisici from 0:0:0:0:0:0:0:1
2025-12-16 15:56:52.998 INFO  [20911594-d02b-48ee-82f6-12d43ccadcb0] m.p.logging.RequestLoggingFilter - Completed GET /v3/api-docs/pisici with status 200 in 7 ms
2025-12-16 15:56:54.125 INFO  [93eb96e1-36ed-44b5-a711-657bc12b4a4c] m.p.logging.RequestLoggingFilter - Incoming GET /swagger-ui/index.html from 0:0:0:0:0:0:0:1
2025-12-16 15:56:54.127 INFO  [93eb96e1-36ed-44b5-a711-657bc12b4a4c] m.p.logging.RequestLoggingFilter - Completed GET /swagger-ui/index.html with status 304 in 2 ms
2025-12-16 15:56:54.138 INFO  [2b6fc096-4c8e-476a-a2c7-43945b4792e6] m.p.logging.RequestLoggingFilter - Incoming GET /swagger-ui/swagger-initializer.js from 0:0:0:0:0:0:0:1
2025-12-16 15:56:54.141 INFO  [2b6fc096-4c8e-476a-a2c7-43945b4792e6] m.p.logging.RequestLoggingFilter - Completed GET /swagger-ui/swagger-initializer.js with status 200 in 3 ms
2025-12-16 15:56:54.165 INFO  [3195a050-d8e4-4b70-a77d-7d3bed5f3c21] m.p.logging.RequestLoggingFilter - Incoming GET /v3/api-docs/swagger-config from 0:0:0:0:0:0:0:1
2025-12-16 15:56:54.168 INFO  [3195a050-d8e4-4b70-a77d-7d3bed5f3c21] m.p.logging.RequestLoggingFilter - Completed GET /v3/api-docs/swagger-config with status 200 in 3 ms
2025-12-16 15:56:54.176 INFO  [a0d0ecac-203d-4884-8525-e798eb57650f] m.p.logging.RequestLoggingFilter - Incoming GET /v3/api-docs/pisici from 0:0:0:0:0:0:0:1
2025-12-16 15:56:54.183 INFO  [a0d0ecac-203d-4884-8525-e798eb57650f] m.p.logging.RequestLoggingFilter - Completed GET /v3/api-docs/pisici with status 200 in 7 ms
2025-12-16 15:57:22.315 INFO  [e2a08274-a65b-4741-8574-1f63f054e897] m.p.logging.RequestLoggingFilter - Incoming GET /api/pisici?page=1&size=10&sort=id%2CASC from 0:0:0:0:0:0:0:1
2025-12-16 15:57:22.321 INFO  [e2a08274-a65b-4741-8574-1f63f054e897] m.p.controller.PisicaController - GET /api/pisici requested: page=1, size=10, sort=id: ASC
2025-12-16 15:57:22.434 INFO  [e2a08274-a65b-4741-8574-1f63f054e897] m.p.logging.RequestLoggingFilter - Completed GET /api/pisici?page=1&size=10&sort=id%2CASC with status 200 in 119 ms
2025-12-16 15:57:33.781 INFO  [] m.p.PisicaSpringApplication - Starting PisicaSpringApplication using Java 21.0.8 with PID 29387 (/Users/bogdandaniel/Documents/proiecte-elevi/daniel-crud-api-pisici/target/classes started by bogdandaniel in /Users/bogdandaniel/Documents/proiecte-elevi/daniel-crud-api-pisici)
2025-12-16 15:57:33.782 INFO  [] m.p.PisicaSpringApplication - No active profile set, falling back to 1 default profile: "default"
2025-12-16 15:57:36.052 INFO  [] m.p.PisicaSpringApplication - Started PisicaSpringApplication in 2.487 seconds (process running for 2.703)
2025-12-16 15:58:00.547 INFO  [4a1dc002-5305-4b4f-bce6-17b416bc7883] m.p.logging.RequestLoggingFilter - Incoming GET /api/pisici?page=1&size=10&sort=id%2CASC from 0:0:0:0:0:0:0:1
2025-12-16 15:58:00.567 INFO  [4a1dc002-5305-4b4f-bce6-17b416bc7883] m.p.controller.PisicaController - GET /api/pisici requested: page=1, size=10, sort=id: ASC
2025-12-16 15:58:00.654 INFO  [4a1dc002-5305-4b4f-bce6-17b416bc7883] m.p.logging.RequestLoggingFilter - Completed GET /api/pisici?page=1&size=10&sort=id%2CASC with status 200 in 107 ms
2025-12-16 15:58:03.731 INFO  [f2087929-882c-4fd9-8a27-02984e76791f] m.p.logging.RequestLoggingFilter - Incoming GET /swagger-ui/index.html from 0:0:0:0:0:0:0:1
2025-12-16 15:58:03.763 INFO  [f2087929-882c-4fd9-8a27-02984e76791f] m.p.logging.RequestLoggingFilter - Completed GET /swagger-ui/index.html with status 302 in 32 ms
2025-12-16 15:58:03.768 INFO  [1b89c9d2-7ce9-4e67-a188-f9d17bb874fa] m.p.logging.RequestLoggingFilter - Incoming GET /swagger-ui/swagger-ui/index.html from 0:0:0:0:0:0:0:1
2025-12-16 15:58:03.774 INFO  [1b89c9d2-7ce9-4e67-a188-f9d17bb874fa] m.p.logging.RequestLoggingFilter - Completed GET /swagger-ui/swagger-ui/index.html with status 200 in 6 ms
2025-12-16 15:58:03.793 INFO  [c8b5c8e8-a51e-4296-b967-18ac708232b4] m.p.logging.RequestLoggingFilter - Incoming GET /swagger-ui/swagger-ui/swagger-ui.css from 0:0:0:0:0:0:0:1
2025-12-16 15:58:03.793 INFO  [9ef6fded-104a-439c-9bc7-6ce6708cd2b2] m.p.logging.RequestLoggingFilter - Incoming GET /swagger-ui/swagger-ui/index.css from 0:0:0:0:0:0:0:1
2025-12-16 15:58:03.793 INFO  [a10ef280-8322-4ae5-8738-8e58cf4ab937] m.p.logging.RequestLoggingFilter - Incoming GET /swagger-ui/swagger-ui/swagger-ui-bundle.js from 0:0:0:0:0:0:0:1
2025-12-16 15:58:03.793 INFO  [295f854c-f9f5-4b3a-b0ff-769ad0100161] m.p.logging.RequestLoggingFilter - Incoming GET /swagger-ui/swagger-ui/swagger-ui-standalone-preset.js from 0:0:0:0:0:0:0:1
2025-12-16 15:58:03.793 INFO  [768b6fac-de07-4d3f-80ca-0c59a2224fcd] m.p.logging.RequestLoggingFilter - Incoming GET /swagger-ui/swagger-ui/swagger-initializer.js from 0:0:0:0:0:0:0:1
2025-12-16 15:58:03.796 INFO  [9ef6fded-104a-439c-9bc7-6ce6708cd2b2] m.p.logging.RequestLoggingFilter - Completed GET /swagger-ui/swagger-ui/index.css with status 200 in 3 ms
2025-12-16 15:58:03.797 INFO  [c8b5c8e8-a51e-4296-b967-18ac708232b4] m.p.logging.RequestLoggingFilter - Completed GET /swagger-ui/swagger-ui/swagger-ui.css with status 200 in 4 ms
2025-12-16 15:58:03.799 INFO  [295f854c-f9f5-4b3a-b0ff-769ad0100161] m.p.logging.RequestLoggingFilter - Completed GET /swagger-ui/swagger-ui/swagger-ui-standalone-preset.js with status 200 in 6 ms
2025-12-16 15:58:03.804 INFO  [768b6fac-de07-4d3f-80ca-0c59a2224fcd] m.p.logging.RequestLoggingFilter - Completed GET /swagger-ui/swagger-ui/swagger-initializer.js with status 200 in 11 ms
2025-12-16 15:58:03.807 INFO  [a10ef280-8322-4ae5-8738-8e58cf4ab937] m.p.logging.RequestLoggingFilter - Completed GET /swagger-ui/swagger-ui/swagger-ui-bundle.js with status 200 in 14 ms
2025-12-16 15:58:03.871 INFO  [d0b4f399-52e1-4d47-9dfc-3210ae83a415] m.p.logging.RequestLoggingFilter - Incoming GET /v3/api-docs/swagger-config from 0:0:0:0:0:0:0:1
2025-12-16 15:58:03.873 INFO  [ee515410-3e41-469f-bfd6-a62d68a29aae] m.p.logging.RequestLoggingFilter - Incoming GET /swagger-ui/swagger-ui/favicon-32x32.png from 0:0:0:0:0:0:0:1
2025-12-16 15:58:03.877 INFO  [ee515410-3e41-469f-bfd6-a62d68a29aae] m.p.logging.RequestLoggingFilter - Completed GET /swagger-ui/swagger-ui/favicon-32x32.png with status 200 in 4 ms
2025-12-16 15:58:03.881 INFO  [d0b4f399-52e1-4d47-9dfc-3210ae83a415] m.p.logging.RequestLoggingFilter - Completed GET /v3/api-docs/swagger-config with status 200 in 10 ms
2025-12-16 15:58:03.892 INFO  [3a1bc9b2-1421-477c-a8b1-d7b29468223a] m.p.logging.RequestLoggingFilter - Incoming GET /v3/api-docs/pisici from 0:0:0:0:0:0:0:1
2025-12-16 15:58:04.065 INFO  [3a1bc9b2-1421-477c-a8b1-d7b29468223a] m.p.logging.RequestLoggingFilter - Completed GET /v3/api-docs/pisici with status 200 in 173 ms
2025-12-16 16:26:54.570 INFO  [] m.p.PisicaSpringApplicationTests - Starting PisicaSpringApplicationTests using Java 21.0.8 with PID 43089 (started by bogdandaniel in /Users/bogdandaniel/Documents/proiecte-elevi/daniel-crud-api-pisici)
2025-12-16 16:26:54.571 INFO  [] m.p.PisicaSpringApplicationTests - The following 1 profile is active: "test"
2025-12-16 16:26:55.931 WARN  [] org.hibernate.orm.deprecation - HHH90000025: H2Dialect does not need to be specified explicitly using 'hibernate.dialect' (remove the property setting and it will be selected by default)
2025-12-16 16:26:56.895 INFO  [] m.p.PisicaSpringApplicationTests - Started PisicaSpringApplicationTests in 2.501 seconds (process running for 2.908)
2025-12-16 16:27:05.239 INFO  [] m.p.PisicaSpringApplicationTests - Starting PisicaSpringApplicationTests using Java 21.0.8 with PID 43321 (started by bogdandaniel in /Users/bogdandaniel/Documents/proiecte-elevi/daniel-crud-api-pisici)
2025-12-16 16:27:05.240 INFO  [] m.p.PisicaSpringApplicationTests - The following 1 profile is active: "test"
2025-12-16 16:27:06.476 WARN  [] org.hibernate.orm.deprecation - HHH90000025: H2Dialect does not need to be specified explicitly using 'hibernate.dialect' (remove the property setting and it will be selected by default)
2025-12-16 16:27:07.479 INFO  [] m.p.PisicaSpringApplicationTests - Started PisicaSpringApplicationTests in 2.391 seconds (process running for 2.773)
2025-12-16 16:30:37.709 INFO  [] m.p.PisicaSpringApplication - Starting PisicaSpringApplication using Java 21.0.8 with PID 44408 (/Users/bogdandaniel/Documents/proiecte-elevi/daniel-crud-api-pisici/target/classes started by bogdandaniel in /Users/bogdandaniel/Documents/proiecte-elevi/daniel-crud-api-pisici)
2025-12-16 16:30:37.710 INFO  [] m.p.PisicaSpringApplication - No active profile set, falling back to 1 default profile: "default"
2025-12-16 16:30:38.754 ERROR [] liquibase.changelog - ChangeSet db/changelog/db.changelog-master.yaml::001-create-pisica-table::mycode encountered an exception.
liquibase.exception.DatabaseException: Table 'pisica' already exists [Failed SQL: (1050) CREATE TABLE pisica_db.pisica (id BIGINT AUTO_INCREMENT NOT NULL, rasa VARCHAR(255) NOT NULL, varsta INT NOT NULL, nume VARCHAR(255) NOT NULL, CONSTRAINT PK_PISICA PRIMARY KEY (id))]
	at liquibase.executor.jvm.JdbcExecutor$ExecuteStatementCallback.doInStatement(JdbcExecutor.java:497)
	at liquibase.executor.jvm.JdbcExecutor.execute(JdbcExecutor.java:83)
	at liquibase.executor.jvm.JdbcExecutor.execute(JdbcExecutor.java:185)
	at liquibase.executor.AbstractExecutor.execute(AbstractExecutor.java:141)
	at liquibase.database.AbstractJdbcDatabase.executeStatements(AbstractJdbcDatabase.java:1189)
	at liquibase.changelog.ChangeSet.execute(ChangeSet.java:790)
	at liquibase.changelog.visitor.UpdateVisitor.executeAcceptedChange(UpdateVisitor.java:126)
	at liquibase.changelog.visitor.UpdateVisitor.visit(UpdateVisitor.java:70)
	at liquibase.changelog.ChangeLogIterator.lambda$run$0(ChangeLogIterator.java:133)
	at liquibase.Scope.lambda$child$0(Scope.java:201)
	at liquibase.Scope.child(Scope.java:210)
	at liquibase.Scope.child(Scope.java:200)
	at liquibase.Scope.child(Scope.java:179)
	at liquibase.changelog.ChangeLogIterator.lambda$run$1(ChangeLogIterator.java:122)
	at liquibase.Scope.lambda$child$0(Scope.java:201)
	at liquibase.Scope.child(Scope.java:210)
	at liquibase.Scope.child(Scope.java:200)
	at liquibase.Scope.child(Scope.java:179)
	at liquibase.Scope.child(Scope.java:267)
	at liquibase.Scope.child(Scope.java:271)
	at liquibase.changelog.ChangeLogIterator.run(ChangeLogIterator.java:91)
	at liquibase.command.core.AbstractUpdateCommandStep.lambda$run$0(AbstractUpdateCommandStep.java:114)
	at liquibase.Scope.lambda$child$0(Scope.java:201)
	at liquibase.Scope.child(Scope.java:210)
	at liquibase.Scope.child(Scope.java:200)
	at liquibase.Scope.child(Scope.java:179)
	at liquibase.command.core.AbstractUpdateCommandStep.run(AbstractUpdateCommandStep.java:112)
	at liquibase.command.core.UpdateCommandStep.run(UpdateCommandStep.java:100)
	at liquibase.command.CommandScope.lambda$execute$6(CommandScope.java:253)
	at liquibase.Scope.child(Scope.java:210)
	at liquibase.Scope.child(Scope.java:186)
	at liquibase.command.CommandScope.execute(CommandScope.java:241)
	at liquibase.Liquibase.lambda$update$0(Liquibase.java:216)
	at liquibase.Scope.lambda$child$0(Scope.java:201)
	at liquibase.Scope.child(Scope.java:210)
	at liquibase.Scope.child(Scope.java:200)
	at liquibase.Scope.child(Scope.java:179)
	at liquibase.Liquibase.runInScope(Liquibase.java:1333)
	at liquibase.Liquibase.update(Liquibase.java:205)
	at liquibase.Liquibase.update(Liquibase.java:188)
	at liquibase.integration.spring.SpringLiquibase.performUpdate(SpringLiquibase.java:326)
	at liquibase.integration.spring.SpringLiquibase.lambda$afterPropertiesSet$0(SpringLiquibase.java:278)
	at liquibase.Scope.lambda$child$0(Scope.java:201)
	at liquibase.Scope.child(Scope.java:210)
	at liquibase.Scope.child(Scope.java:200)
	at liquibase.Scope.child(Scope.java:179)
	at liquibase.integration.spring.SpringLiquibase.afterPropertiesSet(SpringLiquibase.java:271)
	at org.springframework.beans.factory.support.AbstractAutowireCapableBeanFactory.invokeInitMethods(AbstractAutowireCapableBeanFactory.java:1873)
	at org.springframework.beans.factory.support.AbstractAutowireCapableBeanFactory.initializeBean(AbstractAutowireCapableBeanFactory.java:1822)
	at org.springframework.beans.factory.support.AbstractAutowireCapableBeanFactory.doCreateBean(AbstractAutowireCapableBeanFactory.java:607)
	at org.springframework.beans.factory.support.AbstractAutowireCapableBeanFactory.createBean(AbstractAutowireCapableBeanFactory.java:529)
	at org.springframework.beans.factory.support.AbstractBeanFactory.lambda$doGetBean$0(AbstractBeanFactory.java:339)
	at org.springframework.beans.factory.support.DefaultSingletonBeanRegistry.getSingleton(DefaultSingletonBeanRegistry.java:373)
	at org.springframework.beans.factory.support.AbstractBeanFactory.doGetBean(AbstractBeanFactory.java:337)
	at org.springframework.beans.factory.support.AbstractBeanFactory.getBean(AbstractBeanFactory.java:202)
	at org.springframework.beans.factory.support.AbstractBeanFactory.doGetBean(AbstractBeanFactory.java:315)
	at org.springframework.beans.factory.support.AbstractBeanFactory.getBean(AbstractBeanFactory.java:207)
	at org.springframework.context.support.AbstractApplicationContext.finishBeanFactoryInitialization(AbstractApplicationContext.java:973)
	at org.springframework.context.support.AbstractApplicationContext.refresh(AbstractApplicationContext.java:627)
	at org.springframework.boot.web.servlet.context.ServletWebServerApplicationContext.refresh(ServletWebServerApplicationContext.java:146)
	at org.springframework.boot.SpringApplication.refresh(SpringApplication.java:752)
	at org.springframework.boot.SpringApplication.refreshContext(SpringApplication.java:439)
	at org.springframework.boot.SpringApplication.run(SpringApplication.java:318)
	at org.springframework.boot.SpringApplication.run(SpringApplication.java:1361)
	at org.springframework.boot.SpringApplication.run(SpringApplication.java:1350)
	at mycode.pisicaspring.PisicaSpringApplication.main(PisicaSpringApplication.java:12)
Caused by: java.sql.SQLSyntaxErrorException: Table 'pisica' already exists
	at com.mysql.cj.jdbc.exceptions.SQLError.createSQLException(SQLError.java:112)
	at com.mysql.cj.jdbc.exceptions.SQLExceptionsMapping.translateException(SQLExceptionsMapping.java:114)
	at com.mysql.cj.jdbc.StatementImpl.executeInternal(StatementImpl.java:837)
	at com.mysql.cj.jdbc.StatementImpl.execute(StatementImpl.java:685)
	at com.zaxxer.hikari.pool.ProxyStatement.execute(ProxyStatement.java:95)
	at com.zaxxer.hikari.pool.HikariProxyStatement.execute(HikariProxyStatement.java)
	at liquibase.executor.jvm.JdbcExecutor$ExecuteStatementCallback.doInStatement(JdbcExecutor.java:491)
	... 65 common frames omitted
2025-12-16 16:30:39.045 WARN  [] o.s.b.w.s.c.AnnotationConfigServletWebServerApplicationContext - Exception encountered during context initialization - cancelling refresh attempt: org.springframework.beans.factory.BeanCreationException: Error creating bean with name 'entityManagerFactory' defined in class path resource [org/springframework/boot/autoconfigure/orm/jpa/HibernateJpaConfiguration.class]: Failed to initialize dependency 'liquibase' of LoadTimeWeaverAware bean 'entityManagerFactory': Error creating bean with name 'liquibase' defined in class path resource [org/springframework/boot/autoconfigure/liquibase/LiquibaseAutoConfiguration$LiquibaseConfiguration.class]: liquibase.exception.CommandExecutionException: liquibase.exception.LiquibaseException: liquibase.exception.MigrationFailedException: Migration failed for changeset db/changelog/db.changelog-master.yaml::001-create-pisica-table::mycode:
     Reason: liquibase.exception.DatabaseException: Table 'pisica' already exists [Failed SQL: (1050) CREATE TABLE pisica_db.pisica (id BIGINT AUTO_INCREMENT NOT NULL, rasa VARCHAR(255) NOT NULL, varsta INT NOT NULL, nume VARCHAR(255) NOT NULL, CONSTRAINT PK_PISICA PRIMARY KEY (id))]
2025-12-16 16:30:39.060 ERROR [] o.s.boot.SpringApplication - Application run failed
org.springframework.beans.factory.BeanCreationException: Error creating bean with name 'entityManagerFactory' defined in class path resource [org/springframework/boot/autoconfigure/orm/jpa/HibernateJpaConfiguration.class]: Failed to initialize dependency 'liquibase' of LoadTimeWeaverAware bean 'entityManagerFactory': Error creating bean with name 'liquibase' defined in class path resource [org/springframework/boot/autoconfigure/liquibase/LiquibaseAutoConfiguration$LiquibaseConfiguration.class]: liquibase.exception.CommandExecutionException: liquibase.exception.LiquibaseException: liquibase.exception.MigrationFailedException: Migration failed for changeset db/changelog/db.changelog-master.yaml::001-create-pisica-table::mycode:
     Reason: liquibase.exception.DatabaseException: Table 'pisica' already exists [Failed SQL: (1050) CREATE TABLE pisica_db.pisica (id BIGINT AUTO_INCREMENT NOT NULL, rasa VARCHAR(255) NOT NULL, varsta INT NOT NULL, nume VARCHAR(255) NOT NULL, CONSTRAINT PK_PISICA PRIMARY KEY (id))]
	at org.springframework.beans.factory.support.AbstractBeanFactory.doGetBean(AbstractBeanFactory.java:328)
	at org.springframework.beans.factory.support.AbstractBeanFactory.getBean(AbstractBeanFactory.java:207)
	at org.springframework.context.support.AbstractApplicationContext.finishBeanFactoryInitialization(AbstractApplicationContext.java:973)
	at org.springframework.context.support.AbstractApplicationContext.refresh(AbstractApplicationContext.java:627)
	at org.springframework.boot.web.servlet.context.ServletWebServerApplicationContext.refresh(ServletWebServerApplicationContext.java:146)
	at org.springframework.boot.SpringApplication.refresh(SpringApplication.java:752)
	at org.springframework.boot.SpringApplication.refreshContext(SpringApplication.java:439)
	at org.springframework.boot.SpringApplication.run(SpringApplication.java:318)
	at org.springframework.boot.SpringApplication.run(SpringApplication.java:1361)
	at org.springframework.boot.SpringApplication.run(SpringApplication.java:1350)
	at mycode.pisicaspring.PisicaSpringApplication.main(PisicaSpringApplication.java:12)
Caused by: org.springframework.beans.factory.BeanCreationException: Error creating bean with name 'liquibase' defined in class path resource [org/springframework/boot/autoconfigure/liquibase/LiquibaseAutoConfiguration$LiquibaseConfiguration.class]: liquibase.exception.CommandExecutionException: liquibase.exception.LiquibaseException: liquibase.exception.MigrationFailedException: Migration failed for changeset db/changelog/db.changelog-master.yaml::001-create-pisica-table::mycode:
     Reason: liquibase.exception.DatabaseException: Table 'pisica' already exists [Failed SQL: (1050) CREATE TABLE pisica_db.pisica (id BIGINT AUTO_INCREMENT NOT NULL, rasa VARCHAR(255) NOT NULL, varsta INT NOT NULL, nume VARCHAR(255) NOT NULL, CONSTRAINT PK_PISICA PRIMARY KEY (id))]
	at org.springframework.beans.factory.support.AbstractAutowireCapableBeanFactory.initializeBean(AbstractAutowireCapableBeanFactory.java:1826)
	at org.springframework.beans.factory.support.AbstractAutowireCapableBeanFactory.doCreateBean(AbstractAutowireCapableBeanFactory.java:607)
	at org.springframework.beans.factory.support.AbstractAutowireCapableBeanFactory.createBean(AbstractAutowireCapableBeanFactory.java:529)
	at org.springframework.beans.factory.support.AbstractBeanFactory.lambda$doGetBean$0(AbstractBeanFactory.java:339)
	at org.springframework.beans.factory.support.DefaultSingletonBeanRegistry.getSingleton(DefaultSingletonBeanRegistry.java:373)
	at org.springframework.beans.factory.support.AbstractBeanFactory.doGetBean(AbstractBeanFactory.java:337)
	at org.springframework.beans.factory.support.AbstractBeanFactory.getBean(AbstractBeanFactory.java:202)
	at org.springframework.beans.factory.support.AbstractBeanFactory.doGetBean(AbstractBeanFactory.java:315)
	... 10 common frames omitted
Caused by: liquibase.exception.LiquibaseException: liquibase.exception.CommandExecutionException: liquibase.exception.LiquibaseException: liquibase.exception.MigrationFailedException: Migration failed for changeset db/changelog/db.changelog-master.yaml::001-create-pisica-table::mycode:
     Reason: liquibase.exception.DatabaseException: Table 'pisica' already exists [Failed SQL: (1050) CREATE TABLE pisica_db.pisica (id BIGINT AUTO_INCREMENT NOT NULL, rasa VARCHAR(255) NOT NULL, varsta INT NOT NULL, nume VARCHAR(255) NOT NULL, CONSTRAINT PK_PISICA PRIMARY KEY (id))]
	at liquibase.integration.spring.SpringLiquibase.afterPropertiesSet(SpringLiquibase.java:288)
	at org.springframework.beans.factory.support.AbstractAutowireCapableBeanFactory.invokeInitMethods(AbstractAutowireCapableBeanFactory.java:1873)
	at org.springframework.beans.factory.support.AbstractAutowireCapableBeanFactory.initializeBean(AbstractAutowireCapableBeanFactory.java:1822)
	... 17 common frames omitted
Caused by: liquibase.exception.CommandExecutionException: liquibase.exception.LiquibaseException: liquibase.exception.MigrationFailedException: Migration failed for changeset db/changelog/db.changelog-master.yaml::001-create-pisica-table::mycode:
     Reason: liquibase.exception.DatabaseException: Table 'pisica' already exists [Failed SQL: (1050) CREATE TABLE pisica_db.pisica (id BIGINT AUTO_INCREMENT NOT NULL, rasa VARCHAR(255) NOT NULL, varsta INT NOT NULL, nume VARCHAR(255) NOT NULL, CONSTRAINT PK_PISICA PRIMARY KEY (id))]
	at liquibase.command.CommandScope.lambda$execute$6(CommandScope.java:300)
	at liquibase.Scope.child(Scope.java:210)
	at liquibase.Scope.child(Scope.java:186)
	at liquibase.command.CommandScope.execute(CommandScope.java:241)
	at liquibase.Liquibase.lambda$update$0(Liquibase.java:216)
	at liquibase.Scope.lambda$child$0(Scope.java:201)
	at liquibase.Scope.child(Scope.java:210)
	at liquibase.Scope.child(Scope.java:200)
	at liquibase.Scope.child(Scope.java:179)
	at liquibase.Liquibase.runInScope(Liquibase.java:1333)
	at liquibase.Liquibase.update(Liquibase.java:205)
	at liquibase.Liquibase.update(Liquibase.java:188)
	at liquibase.integration.spring.SpringLiquibase.performUpdate(SpringLiquibase.java:326)
	at liquibase.integration.spring.SpringLiquibase.lambda$afterPropertiesSet$0(SpringLiquibase.java:278)
	at liquibase.Scope.lambda$child$0(Scope.java:201)
	at liquibase.Scope.child(Scope.java:210)
	at liquibase.Scope.child(Scope.java:200)
	at liquibase.Scope.child(Scope.java:179)
	at liquibase.integration.spring.SpringLiquibase.afterPropertiesSet(SpringLiquibase.java:271)
	... 19 common frames omitted
Caused by: liquibase.exception.LiquibaseException: liquibase.exception.MigrationFailedException: Migration failed for changeset db/changelog/db.changelog-master.yaml::001-create-pisica-table::mycode:
     Reason: liquibase.exception.DatabaseException: Table 'pisica' already exists [Failed SQL: (1050) CREATE TABLE pisica_db.pisica (id BIGINT AUTO_INCREMENT NOT NULL, rasa VARCHAR(255) NOT NULL, varsta INT NOT NULL, nume VARCHAR(255) NOT NULL, CONSTRAINT PK_PISICA PRIMARY KEY (id))]
	at liquibase.changelog.ChangeLogIterator.run(ChangeLogIterator.java:155)
	at liquibase.command.core.AbstractUpdateCommandStep.lambda$run$0(AbstractUpdateCommandStep.java:114)
	at liquibase.Scope.lambda$child$0(Scope.java:201)
	at liquibase.Scope.child(Scope.java:210)
	at liquibase.Scope.child(Scope.java:200)
	at liquibase.Scope.child(Scope.java:179)
	at liquibase.command.core.AbstractUpdateCommandStep.run(AbstractUpdateCommandStep.java:112)
	at liquibase.command.core.UpdateCommandStep.run(UpdateCommandStep.java:100)
	at liquibase.command.CommandScope.lambda$execute$6(CommandScope.java:253)
	... 37 common frames omitted
Caused by: liquibase.exception.MigrationFailedException: Migration failed for changeset db/changelog/db.changelog-master.yaml::001-create-pisica-table::mycode:
     Reason: liquibase.exception.DatabaseException: Table 'pisica' already exists [Failed SQL: (1050) CREATE TABLE pisica_db.pisica (id BIGINT AUTO_INCREMENT NOT NULL, rasa VARCHAR(255) NOT NULL, varsta INT NOT NULL, nume VARCHAR(255) NOT NULL, CONSTRAINT PK_PISICA PRIMARY KEY (id))]
	at liquibase.changelog.ChangeSet.execute(ChangeSet.java:840)
	at liquibase.changelog.visitor.UpdateVisitor.executeAcceptedChange(UpdateVisitor.java:126)
	at liquibase.changelog.visitor.UpdateVisitor.visit(UpdateVisitor.java:70)
	at liquibase.changelog.ChangeLogIterator.lambda$run$0(ChangeLogIterator.java:133)
	at liquibase.Scope.lambda$child$0(Scope.java:201)
	at liquibase.Scope.child(Scope.java:210)
	at liquibase.Scope.child(Scope.java:200)
	at liquibase.Scope.child(Scope.java:179)
	at liquibase.changelog.ChangeLogIterator.lambda$run$1(ChangeLogIterator.java:122)
	at liquibase.Scope.lambda$child$0(Scope.java:201)
	at liquibase.Scope.child(Scope.java:210)
	at liquibase.Scope.child(Scope.java:200)
	at liquibase.Scope.child(Scope.java:179)
	at liquibase.Scope.child(Scope.java:267)
	at liquibase.Scope.child(Scope.java:271)
	at liquibase.changelog.ChangeLogIterator.run(ChangeLogIterator.java:91)
	... 45 common frames omitted
Caused by: liquibase.exception.DatabaseException: Table 'pisica' already exists [Failed SQL: (1050) CREATE TABLE pisica_db.pisica (id BIGINT AUTO_INCREMENT NOT NULL, rasa VARCHAR(255) NOT NULL, varsta INT NOT NULL, nume VARCHAR(255) NOT NULL, CONSTRAINT PK_PISICA PRIMARY KEY (id))]
	at liquibase.executor.jvm.JdbcExecutor$ExecuteStatementCallback.doInStatement(JdbcExecutor.java:497)
	at liquibase.executor.jvm.JdbcExecutor.execute(JdbcExecutor.java:83)
	at liquibase.executor.jvm.JdbcExecutor.execute(JdbcExecutor.java:185)
	at liquibase.executor.AbstractExecutor.execute(AbstractExecutor.java:141)
	at liquibase.database.AbstractJdbcDatabase.executeStatements(AbstractJdbcDatabase.java:1189)
	at liquibase.changelog.ChangeSet.execute(ChangeSet.java:790)
	... 60 common frames omitted
Caused by: java.sql.SQLSyntaxErrorException: Table 'pisica' already exists
	at com.mysql.cj.jdbc.exceptions.SQLError.createSQLException(SQLError.java:112)
	at com.mysql.cj.jdbc.exceptions.SQLExceptionsMapping.translateException(SQLExceptionsMapping.java:114)
	at com.mysql.cj.jdbc.StatementImpl.executeInternal(StatementImpl.java:837)
	at com.mysql.cj.jdbc.StatementImpl.execute(StatementImpl.java:685)
	at com.zaxxer.hikari.pool.ProxyStatement.execute(ProxyStatement.java:95)
	at com.zaxxer.hikari.pool.HikariProxyStatement.execute(HikariProxyStatement.java)
	at liquibase.executor.jvm.JdbcExecutor$ExecuteStatementCallback.doInStatement(JdbcExecutor.java:491)
	... 65 common frames omitted
2025-12-16 16:30:53.887 INFO  [] m.p.PisicaSpringApplication - Starting PisicaSpringApplication using Java 21.0.8 with PID 44471 (/Users/bogdandaniel/Documents/proiecte-elevi/daniel-crud-api-pisici/target/classes started by bogdandaniel in /Users/bogdandaniel/Documents/proiecte-elevi/daniel-crud-api-pisici)
2025-12-16 16:30:53.888 INFO  [] m.p.PisicaSpringApplication - No active profile set, falling back to 1 default profile: "default"
2025-12-16 16:30:56.334 INFO  [] m.p.PisicaSpringApplication - Started PisicaSpringApplication in 2.622 seconds (process running for 2.83)
2025-12-16 16:31:12.123 INFO  [2daa0d74-840f-4edb-b756-66dcb3cf567f] m.p.logging.RequestLoggingFilter - Incoming GET /swagger-ui/swagger-ui/index.html from 0:0:0:0:0:0:0:1
2025-12-16 16:31:12.141 INFO  [2daa0d74-840f-4edb-b756-66dcb3cf567f] m.p.logging.RequestLoggingFilter - Completed GET /swagger-ui/swagger-ui/index.html with status 304 in 18 ms
2025-12-16 16:31:12.160 INFO  [42766c8c-ff47-4c6c-b161-799d13351b62] m.p.logging.RequestLoggingFilter - Incoming GET /swagger-ui/swagger-ui/swagger-initializer.js from 0:0:0:0:0:0:0:1
2025-12-16 16:31:12.205 INFO  [42766c8c-ff47-4c6c-b161-799d13351b62] m.p.logging.RequestLoggingFilter - Completed GET /swagger-ui/swagger-ui/swagger-initializer.js with status 200 in 45 ms
2025-12-16 16:31:12.276 INFO  [d8a33848-7ab5-4777-a2df-3830ac55d6db] m.p.logging.RequestLoggingFilter - Incoming GET /v3/api-docs/swagger-config from 0:0:0:0:0:0:0:1
2025-12-16 16:31:12.298 INFO  [d8a33848-7ab5-4777-a2df-3830ac55d6db] m.p.logging.RequestLoggingFilter - Completed GET /v3/api-docs/swagger-config with status 200 in 22 ms
2025-12-16 16:31:12.310 INFO  [487bd801-d981-40ff-8baa-3178a29d8be0] m.p.logging.RequestLoggingFilter - Incoming GET /v3/api-docs/pisici from 0:0:0:0:0:0:0:1
2025-12-16 16:31:12.522 INFO  [487bd801-d981-40ff-8baa-3178a29d8be0] m.p.logging.RequestLoggingFilter - Completed GET /v3/api-docs/pisici with status 200 in 212 ms
2025-12-16 16:31:16.606 INFO  [3fbb3755-70c7-4739-ab24-8582db1cba04] m.p.logging.RequestLoggingFilter - Incoming GET /api/pisici?page=0&size=10&sort=id%2CASC from 0:0:0:0:0:0:0:1
2025-12-16 16:31:16.614 INFO  [3fbb3755-70c7-4739-ab24-8582db1cba04] m.p.controller.PisicaController - GET /api/pisici requested: page=0, size=10, sort=id: ASC
2025-12-16 16:31:16.711 INFO  [3fbb3755-70c7-4739-ab24-8582db1cba04] m.p.logging.RequestLoggingFilter - Completed GET /api/pisici?page=0&size=10&sort=id%2CASC with status 200 in 105 ms
2025-12-16 16:38:09.861 INFO  [] m.p.controller.PisicaControllerIT - Starting PisicaControllerIT using Java 21.0.8 with PID 47444 (started by bogdandaniel in /Users/bogdandaniel/Documents/proiecte-elevi/daniel-crud-api-pisici)
2025-12-16 16:38:09.863 INFO  [] m.p.controller.PisicaControllerIT - The following 1 profile is active: "test"
2025-12-16 16:38:11.214 WARN  [] org.hibernate.orm.deprecation - HHH90000025: H2Dialect does not need to be specified explicitly using 'hibernate.dialect' (remove the property setting and it will be selected by default)
2025-12-16 16:38:12.298 INFO  [] m.p.controller.PisicaControllerIT - Started PisicaControllerIT in 2.583 seconds (process running for 3.047)
2025-12-16 16:38:12.475 INFO  [0ad14932-693b-48f1-8842-0e0e1d5fe425] m.p.logging.RequestLoggingFilter - Incoming POST /api/pisici/add from 127.0.0.1
2025-12-16 16:38:12.515 INFO  [0ad14932-693b-48f1-8842-0e0e1d5fe425] m.p.controller.PisicaController - POST /api/pisici/add - creare pisica Zoe Sphynx
2025-12-16 16:38:12.535 INFO  [0ad14932-693b-48f1-8842-0e0e1d5fe425] m.p.service.PisicaCommandServiceImpl - Creez pisica Zoe - Sphynx
2025-12-16 16:38:12.558 INFO  [0ad14932-693b-48f1-8842-0e0e1d5fe425] m.p.logging.RequestLoggingFilter - Completed POST /api/pisici/add with status 201 in 83 ms
2025-12-16 16:38:12.580 INFO  [96fe9b24-1f06-486a-8eea-7187f80221f2] m.p.logging.RequestLoggingFilter - Incoming GET /api/pisici from 127.0.0.1
2025-12-16 16:38:12.582 INFO  [96fe9b24-1f06-486a-8eea-7187f80221f2] m.p.controller.PisicaController - GET /api/pisici requested: page=0, size=1, sort=id: ASC
2025-12-16 16:38:12.591 INFO  [96fe9b24-1f06-486a-8eea-7187f80221f2] m.p.logging.RequestLoggingFilter - Completed GET /api/pisici with status 200 in 11 ms
2025-12-16 16:38:12.596 INFO  [5f67339a-32f8-43b4-8eb7-ae7ba140b84d] m.p.logging.RequestLoggingFilter - Incoming GET /api/pisici from 127.0.0.1
2025-12-16 16:38:12.597 INFO  [5f67339a-32f8-43b4-8eb7-ae7ba140b84d] m.p.controller.PisicaController - GET /api/pisici requested: page=0, size=1, sort=string: ASC
2025-12-16 16:38:12.604 INFO  [5f67339a-32f8-43b4-8eb7-ae7ba140b84d] m.p.logging.RequestLoggingFilter - Completed GET /api/pisici with status 400 in 8 ms
2025-12-16 16:38:12.619 INFO  [] m.p.PisicaSpringApplicationTests - Starting PisicaSpringApplicationTests using Java 21.0.8 with PID 47444 (started by bogdandaniel in /Users/bogdandaniel/Documents/proiecte-elevi/daniel-crud-api-pisici)
2025-12-16 16:38:12.619 INFO  [] m.p.PisicaSpringApplicationTests - The following 1 profile is active: "test"
2025-12-16 16:38:12.739 WARN  [] org.hibernate.orm.deprecation - HHH90000025: H2Dialect does not need to be specified explicitly using 'hibernate.dialect' (remove the property setting and it will be selected by default)
2025-12-16 16:38:12.826 INFO  [] m.p.PisicaSpringApplicationTests - Started PisicaSpringApplicationTests in 0.215 seconds (process running for 3.575)
2025-12-16 16:40:58.595 INFO  [] m.p.PisicaSpringApplicationTests - Starting PisicaSpringApplicationTests using Java 21.0.8 with PID 48493 (started by bogdandaniel in /Users/bogdandaniel/Documents/proiecte-elevi/daniel-crud-api-pisici)
2025-12-16 16:40:58.596 INFO  [] m.p.PisicaSpringApplicationTests - The following 1 profile is active: "test"
2025-12-16 16:41:00.529 WARN  [] org.hibernate.orm.deprecation - HHH90000025: H2Dialect does not need to be specified explicitly using 'hibernate.dialect' (remove the property setting and it will be selected by default)
2025-12-16 16:41:02.212 INFO  [] m.p.PisicaSpringApplicationTests - Started PisicaSpringApplicationTests in 3.873 seconds (process running for 4.583)
2025-12-16 16:41:02.800 INFO  [] m.p.service.PisicaCommandServiceImpl - Actualizez pisica Luna
2025-12-16 16:41:02.817 WARN  [] m.p.service.PisicaCommandServiceImpl - Incercare de actualizare pentru pisica inexistenta: Luna
2025-12-16 16:41:02.823 WARN  [] m.p.service.PisicaCommandServiceImpl - Incercare de creare a unei pisici deja existente: Luna - Siamese
2025-12-16 16:41:02.828 INFO  [] m.p.service.PisicaCommandServiceImpl - Creez pisica Luna - Siamese
2025-12-16 16:41:02.831 INFO  [] m.p.service.PisicaCommandServiceImpl - Sterg pisica Luna
2025-12-16 16:41:02.833 WARN  [] m.p.service.PisicaCommandServiceImpl - Incercare de stergere a unei pisici inexistente: Luna
2025-12-16 16:41:02.853 WARN  [] m.p.service.PisicaQuerryServiceImpl - Nu s-au putut calcula varste medii pe rasa
2025-12-16 16:41:02.858 WARN  [] m.p.service.PisicaQuerryServiceImpl - Nu exista rase in baza de date
2025-12-16 16:41:02.863 WARN  [] m.p.service.PisicaQuerryServiceImpl - Nu exista pisici cu varsta 3
2025-12-16 16:41:02.864 WARN  [] m.p.service.PisicaQuerryServiceImpl - Nu exista pisici pentru rasa Siamese
2025-12-16 16:41:02.875 WARN  [] m.p.service.PisicaQuerryServiceImpl - Nu exista pisici cu nume care incepe cu Lu
2025-12-16 16:41:14.601 INFO  [] m.p.PisicaSpringApplicationTests - Starting PisicaSpringApplicationTests using Java 21.0.8 with PID 48766 (started by bogdandaniel in /Users/bogdandaniel/Documents/proiecte-elevi/daniel-crud-api-pisici)
2025-12-16 16:41:14.602 INFO  [] m.p.PisicaSpringApplicationTests - The following 1 profile is active: "test"
2025-12-16 16:41:16.528 WARN  [] org.hibernate.orm.deprecation - HHH90000025: H2Dialect does not need to be specified explicitly using 'hibernate.dialect' (remove the property setting and it will be selected by default)
2025-12-16 16:41:18.123 INFO  [] m.p.PisicaSpringApplicationTests - Started PisicaSpringApplicationTests in 3.816 seconds (process running for 4.503)
2025-12-16 16:41:18.691 INFO  [] m.p.service.PisicaCommandServiceImpl - Actualizez pisica Luna
2025-12-16 16:41:18.709 WARN  [] m.p.service.PisicaCommandServiceImpl - Incercare de actualizare pentru pisica inexistenta: Luna
2025-12-16 16:41:18.715 WARN  [] m.p.service.PisicaCommandServiceImpl - Incercare de creare a unei pisici deja existente: Luna - Siamese
2025-12-16 16:41:18.719 INFO  [] m.p.service.PisicaCommandServiceImpl - Creez pisica Luna - Siamese
2025-12-16 16:41:18.722 INFO  [] m.p.service.PisicaCommandServiceImpl - Sterg pisica Luna
2025-12-16 16:41:18.725 WARN  [] m.p.service.PisicaCommandServiceImpl - Incercare de stergere a unei pisici inexistente: Luna
2025-12-16 16:41:18.743 WARN  [] m.p.service.PisicaQuerryServiceImpl - Nu s-au putut calcula varste medii pe rasa
2025-12-16 16:41:18.749 WARN  [] m.p.service.PisicaQuerryServiceImpl - Nu exista rase in baza de date
2025-12-16 16:41:18.754 WARN  [] m.p.service.PisicaQuerryServiceImpl - Nu exista pisici cu varsta 3
2025-12-16 16:41:18.755 WARN  [] m.p.service.PisicaQuerryServiceImpl - Nu exista pisici pentru rasa Siamese
2025-12-16 16:41:18.766 WARN  [] m.p.service.PisicaQuerryServiceImpl - Nu exista pisici cu nume care incepe cu Lu
2025-12-16 16:43:45.526 INFO  [] m.p.PisicaSpringApplicationTests - Starting PisicaSpringApplicationTests using Java 21.0.8 with PID 49684 (started by bogdandaniel in /Users/bogdandaniel/Documents/proiecte-elevi/daniel-crud-api-pisici)
2025-12-16 16:43:45.528 INFO  [] m.p.PisicaSpringApplicationTests - The following 1 profile is active: "test"
2025-12-16 16:43:47.535 WARN  [] org.hibernate.orm.deprecation - HHH90000025: H2Dialect does not need to be specified explicitly using 'hibernate.dialect' (remove the property setting and it will be selected by default)
2025-12-16 16:43:49.168 INFO  [] m.p.PisicaSpringApplicationTests - Started PisicaSpringApplicationTests in 3.901 seconds (process running for 4.594)
2025-12-16 16:43:49.762 INFO  [] m.p.service.PisicaCommandServiceImpl - Actualizez pisica Luna
2025-12-16 16:43:49.781 WARN  [] m.p.service.PisicaCommandServiceImpl - Incercare de actualizare pentru pisica inexistenta: Luna
2025-12-16 16:43:49.787 WARN  [] m.p.service.PisicaCommandServiceImpl - Incercare de creare a unei pisici deja existente: Luna - Siamese
2025-12-16 16:43:49.791 INFO  [] m.p.service.PisicaCommandServiceImpl - Creez pisica Luna - Siamese
2025-12-16 16:43:49.794 INFO  [] m.p.service.PisicaCommandServiceImpl - Sterg pisica Luna
2025-12-16 16:43:49.796 WARN  [] m.p.service.PisicaCommandServiceImpl - Incercare de stergere a unei pisici inexistente: Luna
2025-12-16 16:43:49.815 WARN  [] m.p.service.PisicaQuerryServiceImpl - Nu s-au putut calcula varste medii pe rasa
2025-12-16 16:43:49.820 WARN  [] m.p.service.PisicaQuerryServiceImpl - Nu exista rase in baza de date
2025-12-16 16:43:49.825 WARN  [] m.p.service.PisicaQuerryServiceImpl - Nu exista pisici cu varsta 3
2025-12-16 16:43:49.827 WARN  [] m.p.service.PisicaQuerryServiceImpl - Nu exista pisici pentru rasa Siamese
2025-12-16 16:43:49.838 WARN  [] m.p.service.PisicaQuerryServiceImpl - Nu exista pisici cu nume care incepe cu Lu
2025-12-16 16:44:03.495 INFO  [] m.p.PisicaSpringApplicationTests - Starting PisicaSpringApplicationTests using Java 21.0.8 with PID 50070 (started by bogdandaniel in /Users/bogdandaniel/Documents/proiecte-elevi/daniel-crud-api-pisici)
2025-12-16 16:44:03.496 INFO  [] m.p.PisicaSpringApplicationTests - The following 1 profile is active: "test"
2025-12-16 16:44:05.337 WARN  [] org.hibernate.orm.deprecation - HHH90000025: H2Dialect does not need to be specified explicitly using 'hibernate.dialect' (remove the property setting and it will be selected by default)
2025-12-16 16:44:06.928 INFO  [] m.p.PisicaSpringApplicationTests - Started PisicaSpringApplicationTests in 3.687 seconds (process running for 4.387)
2025-12-16 16:44:07.509 INFO  [] m.p.service.PisicaCommandServiceImpl - Actualizez pisica Luna
2025-12-16 16:44:07.525 WARN  [] m.p.service.PisicaCommandServiceImpl - Incercare de actualizare pentru pisica inexistenta: Luna
2025-12-16 16:44:07.530 WARN  [] m.p.service.PisicaCommandServiceImpl - Incercare de creare a unei pisici deja existente: Luna - Siamese
2025-12-16 16:44:07.534 INFO  [] m.p.service.PisicaCommandServiceImpl - Creez pisica Luna - Siamese
2025-12-16 16:44:07.537 INFO  [] m.p.service.PisicaCommandServiceImpl - Sterg pisica Luna
2025-12-16 16:44:07.540 WARN  [] m.p.service.PisicaCommandServiceImpl - Incercare de stergere a unei pisici inexistente: Luna
2025-12-16 16:44:07.560 WARN  [] m.p.service.PisicaQuerryServiceImpl - Nu s-au putut calcula varste medii pe rasa
2025-12-16 16:44:07.567 WARN  [] m.p.service.PisicaQuerryServiceImpl - Nu exista rase in baza de date
2025-12-16 16:44:07.572 WARN  [] m.p.service.PisicaQuerryServiceImpl - Nu exista pisici cu varsta 3
2025-12-16 16:44:07.574 WARN  [] m.p.service.PisicaQuerryServiceImpl - Nu exista pisici pentru rasa Siamese
2025-12-16 16:44:07.585 WARN  [] m.p.service.PisicaQuerryServiceImpl - Nu exista pisici cu nume care incepe cu Lu
2025-12-16 16:45:25.840 INFO  [] m.p.PisicaSpringApplicationTests - Starting PisicaSpringApplicationTests using Java 21.0.8 with PID 50784 (started by bogdandaniel in /Users/bogdandaniel/Documents/proiecte-elevi/daniel-crud-api-pisici)
2025-12-16 16:45:25.841 INFO  [] m.p.PisicaSpringApplicationTests - The following 1 profile is active: "test"
2025-12-16 16:45:27.982 WARN  [] org.hibernate.orm.deprecation - HHH90000025: H2Dialect does not need to be specified explicitly using 'hibernate.dialect' (remove the property setting and it will be selected by default)
2025-12-16 16:45:29.592 INFO  [] m.p.PisicaSpringApplicationTests - Started PisicaSpringApplicationTests in 4.083 seconds (process running for 6.012)
2025-12-16 16:45:29.688 INFO  [] m.p.service.PisicaCommandServiceImpl - Actualizez pisica Luna
2025-12-16 16:45:29.689 WARN  [] m.p.service.PisicaCommandServiceImpl - Incercare de actualizare pentru pisica inexistenta: Luna
2025-12-16 16:45:29.691 WARN  [] m.p.service.PisicaCommandServiceImpl - Incercare de creare a unei pisici deja existente: Luna - Siamese
2025-12-16 16:45:29.692 INFO  [] m.p.service.PisicaCommandServiceImpl - Creez pisica Luna - Siamese
2025-12-16 16:45:29.694 INFO  [] m.p.service.PisicaCommandServiceImpl - Sterg pisica Luna
2025-12-16 16:45:29.695 WARN  [] m.p.service.PisicaCommandServiceImpl - Incercare de stergere a unei pisici inexistente: Luna
2025-12-16 16:45:29.701 WARN  [] m.p.service.PisicaQuerryServiceImpl - Nu s-au putut calcula varste medii pe rasa
2025-12-16 16:45:29.704 WARN  [] m.p.service.PisicaQuerryServiceImpl - Nu exista rase in baza de date
2025-12-16 16:45:29.706 WARN  [] m.p.service.PisicaQuerryServiceImpl - Nu exista pisici cu varsta 3
2025-12-16 16:45:29.707 WARN  [] m.p.service.PisicaQuerryServiceImpl - Nu exista pisici pentru rasa Siamese
2025-12-16 16:45:29.712 WARN  [] m.p.service.PisicaQuerryServiceImpl - Nu exista pisici cu nume care incepe cu Lu
2025-12-16 16:45:29.806 INFO  [custom-id] m.p.logging.RequestLoggingFilter - Incoming GET /api/pisici?page=0 from 127.0.0.1
2025-12-16 16:45:29.806 ERROR [custom-id] m.p.logging.RequestLoggingFilter - Request GET /api/pisici?page=0 failed: boom
java.lang.IllegalStateException: boom
	at mycode.pisicaspring.logging.RequestLoggingFilter.doFilterInternal(RequestLoggingFilter.java:45)
	at mycode.pisicaspring.logging.RequestLoggingFilterTest.lambda$reusesProvidedRequestIdEvenOnError$0(RequestLoggingFilterTest.java:47)
	at org.assertj.core.api.ThrowableAssert.catchThrowable(ThrowableAssert.java:63)
	at org.assertj.core.api.AssertionsForClassTypes.catchThrowable(AssertionsForClassTypes.java:905)
	at org.assertj.core.api.Assertions.catchThrowable(Assertions.java:1473)
	at org.assertj.core.api.Assertions.assertThatThrownBy(Assertions.java:1316)
	at mycode.pisicaspring.logging.RequestLoggingFilterTest.reusesProvidedRequestIdEvenOnError(RequestLoggingFilterTest.java:47)
	at java.base/jdk.internal.reflect.DirectMethodHandleAccessor.invoke(DirectMethodHandleAccessor.java:103)
	at java.base/java.lang.reflect.Method.invoke(Method.java:580)
	at org.junit.platform.commons.util.ReflectionUtils.invokeMethod(ReflectionUtils.java:775)
	at org.junit.platform.commons.support.ReflectionSupport.invokeMethod(ReflectionSupport.java:479)
	at org.junit.jupiter.engine.execution.MethodInvocation.proceed(MethodInvocation.java:60)
	at org.junit.jupiter.engine.execution.InvocationInterceptorChain$ValidatingInvocation.proceed(InvocationInterceptorChain.java:131)
	at org.junit.jupiter.engine.extension.TimeoutExtension.intercept(TimeoutExtension.java:161)
	at org.junit.jupiter.engine.extension.TimeoutExtension.interceptTestableMethod(TimeoutExtension.java:152)
	at org.junit.jupiter.engine.extension.TimeoutExtension.interceptTestMethod(TimeoutExtension.java:91)
	at org.junit.jupiter.engine.execution.InterceptingExecutableInvoker$ReflectiveInterceptorCall.lambda$ofVoidMethod$0(InterceptingExecutableInvoker.java:112)
	at org.junit.jupiter.engine.execution.InterceptingExecutableInvoker.lambda$invoke$0(InterceptingExecutableInvoker.java:94)
	at org.junit.jupiter.engine.execution.InvocationInterceptorChain$InterceptedInvocation.proceed(InvocationInterceptorChain.java:106)
	at org.junit.jupiter.engine.execution.InvocationInterceptorChain.proceed(InvocationInterceptorChain.java:64)
	at org.junit.jupiter.engine.execution.InvocationInterceptorChain.chainAndInvoke(InvocationInterceptorChain.java:45)
	at org.junit.jupiter.engine.execution.InvocationInterceptorChain.invoke(InvocationInterceptorChain.java:37)
	at org.junit.jupiter.engine.execution.InterceptingExecutableInvoker.invoke(InterceptingExecutableInvoker.java:93)
	at org.junit.jupiter.engine.execution.InterceptingExecutableInvoker.invoke(InterceptingExecutableInvoker.java:87)
	at org.junit.jupiter.engine.descriptor.TestMethodTestDescriptor.lambda$invokeTestMethod$7(TestMethodTestDescriptor.java:216)
	at org.junit.platform.engine.support.hierarchical.ThrowableCollector.execute(ThrowableCollector.java:73)
	at org.junit.jupiter.engine.descriptor.TestMethodTestDescriptor.invokeTestMethod(TestMethodTestDescriptor.java:212)
	at org.junit.jupiter.engine.descriptor.TestMethodTestDescriptor.execute(TestMethodTestDescriptor.java:137)
	at org.junit.jupiter.engine.descriptor.TestMethodTestDescriptor.execute(TestMethodTestDescriptor.java:69)
	at org.junit.platform.engine.support.hierarchical.NodeTestTask.lambda$executeRecursively$6(NodeTestTask.java:156)
	at org.junit.platform.engine.support.hierarchical.ThrowableCollector.execute(ThrowableCollector.java:73)
	at org.junit.platform.engine.support.hierarchical.NodeTestTask.lambda$executeRecursively$8(NodeTestTask.java:146)
	at org.junit.platform.engine.support.hierarchical.Node.around(Node.java:137)
	at org.junit.platform.engine.support.hierarchical.NodeTestTask.lambda$executeRecursively$9(NodeTestTask.java:144)
	at org.junit.platform.engine.support.hierarchical.ThrowableCollector.execute(ThrowableCollector.java:73)
	at org.junit.platform.engine.support.hierarchical.NodeTestTask.executeRecursively(NodeTestTask.java:143)
	at org.junit.platform.engine.support.hierarchical.NodeTestTask.execute(NodeTestTask.java:100)
	at java.base/java.util.ArrayList.forEach(ArrayList.java:1596)
	at org.junit.platform.engine.support.hierarchical.SameThreadHierarchicalTestExecutorService.invokeAll(SameThreadHierarchicalTestExecutorService.java:41)
	at org.junit.platform.engine.support.hierarchical.NodeTestTask.lambda$executeRecursively$6(NodeTestTask.java:160)
	at org.junit.platform.engine.support.hierarchical.ThrowableCollector.execute(ThrowableCollector.java:73)
	at org.junit.platform.engine.support.hierarchical.NodeTestTask.lambda$executeRecursively$8(NodeTestTask.java:146)
	at org.junit.platform.engine.support.hierarchical.Node.around(Node.java:137)
	at org.junit.platform.engine.support.hierarchical.NodeTestTask.lambda$executeRecursively$9(NodeTestTask.java:144)
	at org.junit.platform.engine.support.hierarchical.ThrowableCollector.execute(ThrowableCollector.java:73)
	at org.junit.platform.engine.support.hierarchical.NodeTestTask.executeRecursively(NodeTestTask.java:143)
	at org.junit.platform.engine.support.hierarchical.NodeTestTask.execute(NodeTestTask.java:100)
	at java.base/java.util.ArrayList.forEach(ArrayList.java:1596)
	at org.junit.platform.engine.support.hierarchical.SameThreadHierarchicalTestExecutorService.invokeAll(SameThreadHierarchicalTestExecutorService.java:41)
	at org.junit.platform.engine.support.hierarchical.NodeTestTask.lambda$executeRecursively$6(NodeTestTask.java:160)
	at org.junit.platform.engine.support.hierarchical.ThrowableCollector.execute(ThrowableCollector.java:73)
	at org.junit.platform.engine.support.hierarchical.NodeTestTask.lambda$executeRecursively$8(NodeTestTask.java:146)
	at org.junit.platform.engine.support.hierarchical.Node.around(Node.java:137)
	at org.junit.platform.engine.support.hierarchical.NodeTestTask.lambda$executeRecursively$9(NodeTestTask.java:144)
	at org.junit.platform.engine.support.hierarchical.ThrowableCollector.execute(ThrowableCollector.java:73)
	at org.junit.platform.engine.support.hierarchical.NodeTestTask.executeRecursively(NodeTestTask.java:143)
	at org.junit.platform.engine.support.hierarchical.NodeTestTask.execute(NodeTestTask.java:100)
	at org.junit.platform.engine.support.hierarchical.SameThreadHierarchicalTestExecutorService.submit(SameThreadHierarchicalTestExecutorService.java:35)
	at org.junit.platform.engine.support.hierarchical.HierarchicalTestExecutor.execute(HierarchicalTestExecutor.java:57)
	at org.junit.platform.engine.support.hierarchical.HierarchicalTestEngine.execute(HierarchicalTestEngine.java:54)
	at org.junit.platform.launcher.core.EngineExecutionOrchestrator.execute(EngineExecutionOrchestrator.java:201)
	at org.junit.platform.launcher.core.EngineExecutionOrchestrator.execute(EngineExecutionOrchestrator.java:170)
	at org.junit.platform.launcher.core.EngineExecutionOrchestrator.execute(EngineExecutionOrchestrator.java:94)
	at org.junit.platform.launcher.core.EngineExecutionOrchestrator.lambda$execute$0(EngineExecutionOrchestrator.java:59)
	at org.junit.platform.launcher.core.EngineExecutionOrchestrator.withInterceptedStreams(EngineExecutionOrchestrator.java:142)
	at org.junit.platform.launcher.core.EngineExecutionOrchestrator.execute(EngineExecutionOrchestrator.java:58)
	at org.junit.platform.launcher.core.DefaultLauncher.execute(DefaultLauncher.java:103)
	at org.junit.platform.launcher.core.DefaultLauncher.execute(DefaultLauncher.java:85)
	at org.junit.platform.launcher.core.DelegatingLauncher.execute(DelegatingLauncher.java:47)
	at org.junit.platform.launcher.core.InterceptingLauncher.lambda$execute$1(InterceptingLauncher.java:39)
	at org.junit.platform.launcher.core.ClasspathAlignmentCheckingLauncherInterceptor.intercept(ClasspathAlignmentCheckingLauncherInterceptor.java:25)
	at org.junit.platform.launcher.core.InterceptingLauncher.execute(InterceptingLauncher.java:38)
	at org.junit.platform.launcher.core.DelegatingLauncher.execute(DelegatingLauncher.java:47)
	at org.apache.maven.surefire.junitplatform.LauncherAdapter.executeWithoutCancellationToken(LauncherAdapter.java:60)
	at org.apache.maven.surefire.junitplatform.LauncherAdapter.execute(LauncherAdapter.java:52)
	at org.apache.maven.surefire.junitplatform.JUnitPlatformProvider.execute(JUnitPlatformProvider.java:203)
	at org.apache.maven.surefire.junitplatform.JUnitPlatformProvider.invokeAllTests(JUnitPlatformProvider.java:168)
	at org.apache.maven.surefire.junitplatform.JUnitPlatformProvider.invoke(JUnitPlatformProvider.java:136)
	at org.apache.maven.surefire.booter.ForkedBooter.runSuitesInProcess(ForkedBooter.java:385)
	at org.apache.maven.surefire.booter.ForkedBooter.execute(ForkedBooter.java:162)
	at org.apache.maven.surefire.booter.ForkedBooter.run(ForkedBooter.java:507)
	at org.apache.maven.surefire.booter.ForkedBooter.main(ForkedBooter.java:495)
2025-12-16 16:45:29.807 INFO  [custom-id] m.p.logging.RequestLoggingFilter - Completed GET /api/pisici?page=0 with status 0 in 1 ms
2025-12-16 16:45:29.809 INFO  [891abb5f-53ba-4782-afa8-38b294083279] m.p.logging.RequestLoggingFilter - Incoming GET /api/pisici?page=0 from 127.0.0.1
2025-12-16 16:45:29.809 INFO  [891abb5f-53ba-4782-afa8-38b294083279] m.p.logging.RequestLoggingFilter - Completed GET /api/pisici?page=0 with status 0 in 0 ms
2025-12-16 16:46:01.969 INFO  [] m.p.controller.PisicaControllerIT - Starting PisicaControllerIT using Java 21.0.8 with PID 51015 (started by bogdandaniel in /Users/bogdandaniel/Documents/proiecte-elevi/daniel-crud-api-pisici)
2025-12-16 16:46:01.969 INFO  [] m.p.controller.PisicaControllerIT - The following 1 profile is active: "test"
2025-12-16 16:46:03.219 WARN  [] org.hibernate.orm.deprecation - HHH90000025: H2Dialect does not need to be specified explicitly using 'hibernate.dialect' (remove the property setting and it will be selected by default)
2025-12-16 16:46:04.329 INFO  [] m.p.controller.PisicaControllerIT - Started PisicaControllerIT in 2.514 seconds (process running for 3.411)
2025-12-16 16:46:04.395 INFO  [aa771fbf-bc55-4cc8-a7ea-d44cd0b49a17] m.p.logging.RequestLoggingFilter - Incoming POST /api/pisici/add from 127.0.0.1
2025-12-16 16:46:04.438 INFO  [aa771fbf-bc55-4cc8-a7ea-d44cd0b49a17] m.p.controller.PisicaController - POST /api/pisici/add - creare pisica Zoe Sphynx
2025-12-16 16:46:04.458 INFO  [aa771fbf-bc55-4cc8-a7ea-d44cd0b49a17] m.p.service.PisicaCommandServiceImpl - Creez pisica Zoe - Sphynx
2025-12-16 16:46:04.483 INFO  [aa771fbf-bc55-4cc8-a7ea-d44cd0b49a17] m.p.logging.RequestLoggingFilter - Completed POST /api/pisici/add with status 201 in 88 ms
2025-12-16 16:46:04.506 INFO  [8a6958e8-9082-4f70-be83-ea41f200fb14] m.p.logging.RequestLoggingFilter - Incoming GET /api/pisici from 127.0.0.1
2025-12-16 16:46:04.507 INFO  [8a6958e8-9082-4f70-be83-ea41f200fb14] m.p.controller.PisicaController - GET /api/pisici requested: page=0, size=1, sort=id: ASC
2025-12-16 16:46:04.517 INFO  [8a6958e8-9082-4f70-be83-ea41f200fb14] m.p.logging.RequestLoggingFilter - Completed GET /api/pisici with status 200 in 11 ms
2025-12-16 16:46:04.523 INFO  [6b38d911-d664-4080-83ae-11a8dc0c805c] m.p.logging.RequestLoggingFilter - Incoming GET /api/pisici from 127.0.0.1
2025-12-16 16:46:04.524 INFO  [6b38d911-d664-4080-83ae-11a8dc0c805c] m.p.controller.PisicaController - GET /api/pisici requested: page=0, size=1, sort=string: ASC
2025-12-16 16:46:04.530 INFO  [6b38d911-d664-4080-83ae-11a8dc0c805c] m.p.logging.RequestLoggingFilter - Completed GET /api/pisici with status 400 in 7 ms
2025-12-16 16:46:04.544 INFO  [] m.p.PisicaSpringApplicationTests - Starting PisicaSpringApplicationTests using Java 21.0.8 with PID 51015 (started by bogdandaniel in /Users/bogdandaniel/Documents/proiecte-elevi/daniel-crud-api-pisici)
2025-12-16 16:46:04.544 INFO  [] m.p.PisicaSpringApplicationTests - The following 1 profile is active: "test"
2025-12-16 16:46:04.678 WARN  [] org.hibernate.orm.deprecation - HHH90000025: H2Dialect does not need to be specified explicitly using 'hibernate.dialect' (remove the property setting and it will be selected by default)
2025-12-16 16:46:04.776 INFO  [] m.p.PisicaSpringApplicationTests - Started PisicaSpringApplicationTests in 0.24 seconds (process running for 3.859)
2025-12-16 16:46:04.784 WARN  [] m.p.service.PisicaQuerryServiceImpl - Nu s-au putut calcula varste medii pe rasa
2025-12-16 16:46:04.786 WARN  [] m.p.service.PisicaQuerryServiceImpl - Nu exista rase in baza de date
2025-12-16 16:46:04.788 WARN  [] m.p.service.PisicaQuerryServiceImpl - Nu exista pisici cu varsta 3
2025-12-16 16:46:04.789 WARN  [] m.p.service.PisicaQuerryServiceImpl - Nu exista pisici pentru rasa Siamese
2025-12-16 16:46:04.793 WARN  [] m.p.service.PisicaQuerryServiceImpl - Nu exista pisici cu nume care incepe cu Lu
2025-12-16 16:46:54.362 INFO  [] m.p.controller.PisicaControllerIT - Starting PisicaControllerIT using Java 21.0.8 with PID 51204 (started by bogdandaniel in /Users/bogdandaniel/Documents/proiecte-elevi/daniel-crud-api-pisici)
2025-12-16 16:46:54.363 INFO  [] m.p.controller.PisicaControllerIT - The following 1 profile is active: "test"
2025-12-16 16:46:56.589 WARN  [] org.hibernate.orm.deprecation - HHH90000025: H2Dialect does not need to be specified explicitly using 'hibernate.dialect' (remove the property setting and it will be selected by default)
2025-12-16 16:46:58.247 INFO  [] m.p.controller.PisicaControllerIT - Started PisicaControllerIT in 4.227 seconds (process running for 6.148)
2025-12-16 16:46:58.378 INFO  [971bb7d8-08c6-488b-aa94-905914002d60] m.p.logging.RequestLoggingFilter - Incoming POST /api/pisici/add from 127.0.0.1
2025-12-16 16:46:58.459 INFO  [971bb7d8-08c6-488b-aa94-905914002d60] m.p.controller.PisicaController - POST /api/pisici/add - creare pisica Zoe Sphynx
2025-12-16 16:46:58.484 INFO  [971bb7d8-08c6-488b-aa94-905914002d60] m.p.service.PisicaCommandServiceImpl - Creez pisica Zoe - Sphynx
2025-12-16 16:46:58.519 INFO  [971bb7d8-08c6-488b-aa94-905914002d60] m.p.logging.RequestLoggingFilter - Completed POST /api/pisici/add with status 201 in 141 ms
2025-12-16 16:46:58.553 INFO  [b6897931-7533-4485-a11f-280b285715fe] m.p.logging.RequestLoggingFilter - Incoming GET /api/pisici from 127.0.0.1
2025-12-16 16:46:58.555 INFO  [b6897931-7533-4485-a11f-280b285715fe] m.p.controller.PisicaController - GET /api/pisici requested: page=0, size=1, sort=id: ASC
2025-12-16 16:46:58.566 INFO  [b6897931-7533-4485-a11f-280b285715fe] m.p.logging.RequestLoggingFilter - Completed GET /api/pisici with status 200 in 13 ms
2025-12-16 16:46:58.573 INFO  [8c84a778-3f4f-4840-9e15-24a0d9a6f50a] m.p.logging.RequestLoggingFilter - Incoming GET /api/pisici from 127.0.0.1
2025-12-16 16:46:58.574 INFO  [8c84a778-3f4f-4840-9e15-24a0d9a6f50a] m.p.controller.PisicaController - GET /api/pisici requested: page=0, size=1, sort=string: ASC
2025-12-16 16:46:58.588 INFO  [8c84a778-3f4f-4840-9e15-24a0d9a6f50a] m.p.logging.RequestLoggingFilter - Completed GET /api/pisici with status 400 in 15 ms
2025-12-16 16:46:58.602 INFO  [] m.p.PisicaSpringApplicationTests - Starting PisicaSpringApplicationTests using Java 21.0.8 with PID 51204 (started by bogdandaniel in /Users/bogdandaniel/Documents/proiecte-elevi/daniel-crud-api-pisici)
2025-12-16 16:46:58.602 INFO  [] m.p.PisicaSpringApplicationTests - The following 1 profile is active: "test"
2025-12-16 16:46:58.742 WARN  [] org.hibernate.orm.deprecation - HHH90000025: H2Dialect does not need to be specified explicitly using 'hibernate.dialect' (remove the property setting and it will be selected by default)
2025-12-16 16:46:58.840 INFO  [] m.p.PisicaSpringApplicationTests - Started PisicaSpringApplicationTests in 0.246 seconds (process running for 6.742)
2025-12-16 16:46:58.847 WARN  [] m.p.service.PisicaQuerryServiceImpl - Nu s-au putut calcula varste medii pe rasa
2025-12-16 16:46:58.849 WARN  [] m.p.service.PisicaQuerryServiceImpl - Nu exista rase in baza de date
2025-12-16 16:46:58.851 WARN  [] m.p.service.PisicaQuerryServiceImpl - Nu exista pisici cu varsta 3
2025-12-16 16:46:58.852 WARN  [] m.p.service.PisicaQuerryServiceImpl - Nu exista pisici pentru rasa Siamese
2025-12-16 16:46:58.856 WARN  [] m.p.service.PisicaQuerryServiceImpl - Nu exista pisici cu nume care incepe cu Lu
